<?xml version="1.0" encoding="UTF-8"?>
<!-- Generated by org.testng.reporters.JUnitXMLReporter -->
<testsuite hostname="DESKTOP-GLK19J3" name="Run on Firefox" tests="3" failures="0" timestamp="15 Dec 2019 15:22:50 GMT" time="18.162" errors="0">
  <testcase name="TC_01_LoginWithEmailCorrect" time="1.803" classname="com.orchard.merchant.merchant_01_Login"/>
  <testcase name="TC_01_LoginWithEmailIncorrect" time="0.0" classname="com.orchard.merchant.merchant_01_Login"/>
  <testcase name="f" time="0.001" classname="com.orchard.merchant.merchant_01_ValidateLoginForm"/>
</testsuite> <!-- Run on Firefox -->
